<?xml version="1.0" encoding="UTF-8"?>
<testsuite xmlns:xsi="http://www.w3.org/2001/XMLSchema-instance" xsi:noNamespaceSchemaLocation="https://maven.apache.org/surefire/maven-surefire-plugin/xsd/surefire-test-report.xsd" name="NumerosRomanosTest" time="0.006" tests="24" errors="0" skipped="0" failures="0">
  <properties>
[...]
</properties>
  <testcase name="pasar2Aromanos" classname="NumerosRomanosTest" time="0"/>
  <testcase name="pasar10Aromanos" classname="NumerosRomanosTest" time="0"/>
  <testcase name="pasar9Aromanos" classname="NumerosRomanosTest" time="0.002"/>
  <testcase name="pasar17Aromanos" classname="NumerosRomanosTest" time="0"/>
  <testcase name="verificarRomanos" classname="NumerosRomanosTest" time="0"/>
  <testcase name="pasar4Aromanos" classname="NumerosRomanosTest" time="0"/>
  <testcase name="pasar12Aromanos" classname="NumerosRomanosTest" time="0"/>
  <testcase name="verificarDecimalesRomanos" classname="NumerosRomanosTest" time="0"/>
  <testcase name="verificarVeintenaNumeroRomanos" classname="NumerosRomanosTest" time="0.001"/>
  <testcase name="pasar19Aromanos" classname="NumerosRomanosTest" time="0"/>
  <testcase name="verificarTreintenaNumeroRomanos" classname="NumerosRomanosTest" time="0"/>
  <testcase name="pasar6Aromanos" classname="NumerosRomanosTest" time="0"/>
  <testcase name="pasar14Aromanos" classname="NumerosRomanosTest" time="0"/>
  <testcase name="pasar1Aromanos" classname="NumerosRomanosTest" time="0"/>
  <testcase name="pasar8Aromanos" classname="NumerosRomanosTest" time="0"/>
  <testcase name="pasar16Aromanos" classname="NumerosRomanosTest" time="0"/>
  <testcase name="pasar3Aromanos" classname="NumerosRomanosTest" time="0"/>
  <testcase name="pasar11Aromanos" classname="NumerosRomanosTest" time="0"/>
  <testcase name="pasar18Aromanos" classname="NumerosRomanosTest" time="0"/>
  <testcase name="pasar5Aromanos" classname="NumerosRomanosTest" time="0"/>
  <testcase name="pasar13Aromanos" classname="NumerosRomanosTest" time="0"/>
  <testcase name="pasar7Aromanos" classname="NumerosRomanosTest" time="0.001"/>
  <testcase name="pasar15Aromanos" classname="NumerosRomanosTest" time="0"/>
  <testcase name="pasar20Aromanos" classname="NumerosRomanosTest" time="0"/>
</testsuite>