<?xml version="1.0" encoding="UTF-8"?>
<testsuite xmlns:xsi="http://www.w3.org/2001/XMLSchema-instance" xsi:noNamespaceSchemaLocation="https://maven.apache.org/surefire/maven-surefire-plugin/xsd/surefire-test-report.xsd" name="models.CuentaTest" time="5" tests="3" errors="0" skipped="0" failures="0">
  <properties>
[...]
</properties>
  <testcase name="testTimeoutOne" classname="models.CuentaTest$TimeoutTest" time="0.05"/>
  <testcase name="testTimeoutTwo" classname="models.CuentaTest$TimeoutTest" time="0.903"/>
  <testcase name="testTimeoutThree" classname="models.CuentaTest$TimeoutTest" time="4.019"/>
</testsuite>